c/parse_obj.c
c/test.c
c/transformations.c
c/parse_obj.h
c/transformations.h
cpp/main.cpp
cpp/mainwindow.cpp
cpp/opengl.cpp
cpp/mainwindow.h
cpp/opengl.h
c/parse_obj.c
c/test.c
c/transformations.c
c/parse_obj.h
c/transformations.h
cpp/main.cpp
cpp/mainwindow.cpp
cpp/opengl.cpp
cpp/mainwindow.h
cpp/opengl.h
cpp/qgifglobal.h
cpp/qgifimage.h
cpp/qgifimage_p.h
c/parse_obj.c
c/test.c
c/transformations.c
c/parse_obj.h
c/transformations.h
cpp/main.cpp
cpp/mainwindow.cpp
cpp/opengl.cpp
cpp/mainwindow.h
cpp/opengl.h
cpp/qgifglobal.h
cpp/qgifimage.h
cpp/qgifimage_p.h
